TN:
SF:eslint.config.ts
FN:1,(empty-report)
FNF:1
FNH:0
FNDA:0,(empty-report)
DA:1,0
DA:2,0
DA:3,0
DA:4,0
DA:5,0
DA:7,0
DA:8,0
DA:9,0
DA:10,0
DA:11,0
LF:10
LH:0
BRDA:1,0,0,0
BRF:1
BRH:0
end_of_record
TN:
SF:vite.config.ts
FN:1,(empty-report)
FNF:1
FNH:0
FNDA:0,(empty-report)
DA:1,0
DA:2,0
DA:4,0
DA:5,0
DA:6,0
DA:7,0
DA:8,0
DA:9,0
DA:10,0
DA:11,0
DA:12,0
DA:13,0
DA:14,0
DA:15,0
DA:16,0
DA:17,0
DA:18,0
DA:19,0
DA:20,0
DA:21,0
DA:22,0
DA:23,0
DA:24,0
DA:25,0
DA:26,0
LF:25
LH:0
BRDA:1,0,0,0
BRF:1
BRH:0
end_of_record
TN:
SF:src/core/entities/watched-list.ts
FN:1,(empty-report)
FNF:1
FNH:0
FNDA:0,(empty-report)
DA:1,0
DA:7,0
DA:8,0
DA:9,0
DA:10,0
DA:11,0
DA:12,0
DA:16,0
DA:17,0
DA:18,0
DA:20,0
DA:21,0
DA:22,0
DA:24,0
DA:25,0
DA:26,0
DA:28,0
DA:29,0
DA:30,0
DA:31,0
DA:33,0
DA:35,0
DA:36,0
DA:37,0
DA:39,0
DA:40,0
DA:41,0
DA:43,0
DA:45,0
DA:46,0
DA:47,0
DA:49,0
DA:50,0
DA:51,0
DA:52,0
DA:53,0
DA:55,0
DA:56,0
DA:57,0
DA:59,0
DA:60,0
DA:61,0
DA:63,0
DA:65,0
DA:66,0
DA:67,0
DA:69,0
DA:70,0
DA:71,0
DA:72,0
DA:74,0
DA:75,0
DA:76,0
DA:78,0
DA:79,0
DA:80,0
DA:81,0
DA:83,0
DA:84,0
DA:86,0
DA:87,0
DA:89,0
DA:90,0
DA:92,0
DA:93,0
DA:94,0
DA:95,0
DA:97,0
DA:98,0
DA:99,0
DA:100,0
DA:102,0
DA:103,0
DA:104,0
DA:106,0
DA:107,0
DA:108,0
DA:109,0
DA:110,0
LF:79
LH:0
BRDA:1,0,0,0
BRF:1
BRH:0
end_of_record
TN:
SF:src/core/queue/priorityQueue.ts
FN:3,asNumber
FN:13,PriorityQueue
FN:15,distanceFromBase
FN:19,sort
FNF:4
FNH:4
FNDA:2140,asNumber
FNDA:16,PriorityQueue
FNDA:122,distanceFromBase
FNDA:16,sort
DA:1,1
DA:3,1
DA:4,2140
DA:6,1
DA:7,1
DA:8,1
DA:9,1
DA:10,1
DA:12,1
DA:13,1
DA:15,1
DA:16,122
DA:17,122
DA:19,1
DA:25,16
DA:26,16
DA:28,1138
DA:29,1138
DA:32,948
DA:33,1133
DA:36,61
DA:37,61
DA:38,61
DA:39,61
DA:42,1138
DA:43,1138
DA:44,1138
DA:45,16
DA:46,16
DA:47,1
LF:30
LH:30
BRDA:3,0,0,2140
BRDA:4,1,0,0
BRDA:4,2,0,2
BRDA:4,3,0,2138
BRDA:4,4,0,0
BRDA:13,5,0,16
BRDA:15,6,0,122
BRDA:19,7,0,16
BRDA:26,8,0,1138
BRDA:29,9,0,1137
BRDA:29,10,0,190
BRDA:29,11,0,1133
BRDA:29,12,0,948
BRDA:33,13,0,887
BRDA:33,14,0,1132
BRDA:33,15,0,61
BRDA:39,16,0,0
BRDA:42,17,0,0
BRDA:43,18,0,0
BRDA:43,19,0,0
BRF:20
BRH:14
end_of_record
TN:
SF:src/core/utils/harversineKm.ts
FN:1,haversineKm
FN:3,toRad
FNF:2
FNH:2
FNDA:324,haversineKm
FNDA:1296,toRad
DA:1,1
DA:2,324
DA:3,324
DA:5,324
DA:6,324
DA:7,324
DA:8,324
DA:9,324
DA:11,324
DA:12,324
LF:10
LH:10
BRDA:1,0,0,324
BRDA:3,1,0,1296
BRF:2
BRH:2
end_of_record
TN:
SF:src/core/utils/routeDistance.ts
FN:5,asNumber
FN:12,routeDistanceKm
FNF:2
FNH:2
FNDA:508,asNumber
FNDA:54,routeDistanceKm
DA:1,1
DA:5,1
DA:6,508
DA:12,1
DA:13,54
DA:14,54
DA:15,54
DA:16,54
DA:17,54
DA:19,54
DA:20,54
DA:21,54
DA:23,54
DA:24,147
DA:25,147
DA:26,147
DA:27,147
DA:28,147
DA:29,147
DA:31,54
DA:32,53
DA:33,53
DA:34,53
DA:35,53
DA:36,53
DA:37,53
DA:38,53
DA:40,54
DA:41,1
DA:42,1
DA:44,53
DA:45,53
LF:32
LH:32
BRDA:5,0,0,508
BRDA:6,1,0,0
BRDA:6,2,0,0
BRDA:12,3,0,54
BRDA:17,4,0,2
BRDA:17,5,0,53
BRDA:23,6,0,147
BRDA:31,7,0,53
BRDA:31,8,0,53
BRDA:40,9,0,2
BRDA:40,10,0,1
BRDA:40,11,0,53
BRDA:40,12,0,1
BRF:13
BRH:11
end_of_record
TN:
SF:src/modules/delivery/controllers/assign-delivery.ts
FN:1,(empty-report)
FNF:1
FNH:1
FNDA:1,(empty-report)
DA:2,0
DA:3,0
DA:4,0
DA:5,0
DA:6,0
DA:8,0
DA:9,0
DA:10,0
DA:11,0
DA:13,0
DA:15,0
DA:16,0
DA:17,0
DA:18,0
DA:19,0
DA:20,0
DA:23,0
DA:24,0
DA:25,0
DA:26,0
DA:27,0
LF:21
LH:0
BRDA:1,0,0,1
BRF:1
BRH:1
end_of_record
TN:
SF:src/modules/delivery/controllers/update-delivery-status.ts
FN:1,(empty-report)
FNF:1
FNH:1
FNDA:1,(empty-report)
DA:3,0
DA:4,0
DA:6,0
DA:7,0
DA:8,0
DA:10,0
DA:11,0
DA:12,0
DA:13,0
DA:14,0
DA:15,0
DA:16,0
DA:18,0
DA:19,0
DA:21,0
DA:22,0
DA:23,0
DA:24,0
DA:26,0
DA:27,0
DA:28,0
DA:29,0
DA:30,0
DA:32,0
DA:33,0
DA:34,0
DA:35,0
DA:36,0
DA:37,0
DA:39,0
DA:40,0
DA:41,0
DA:42,0
DA:43,0
LF:34
LH:0
BRDA:1,0,0,1
BRF:1
BRH:1
end_of_record
TN:
SF:src/modules/delivery/domain/delivery-Watched-list.ts
FN:1,(empty-report)
FNF:1
FNH:1
FNDA:1,(empty-report)
DA:2,0
DA:4,0
DA:5,0
DA:6,0
DA:7,0
DA:9,0
DA:10,0
DA:11,0
DA:13,0
DA:14,0
DA:15,0
DA:17,0
DA:18,0
DA:19,0
DA:20,0
DA:21,0
DA:22,0
DA:23,0
DA:25,0
DA:26,0
DA:29,0
DA:30,0
LF:22
LH:0
BRDA:1,0,0,1
BRF:1
BRH:1
end_of_record
TN:
SF:src/modules/delivery/interfaces/delivery-with-orders.ts
FN:1,(empty-report)
FNF:1
FNH:1
FNDA:1,(empty-report)
LF:0
LH:0
BRDA:1,0,0,1
BRF:1
BRH:1
end_of_record
TN:
SF:src/modules/delivery/repository/delivery-repository.ts
FN:1,(empty-report)
FNF:1
FNH:1
FNDA:1,(empty-report)
DA:8,0
LF:1
LH:0
BRDA:1,0,0,1
BRF:1
BRH:1
end_of_record
TN:
SF:src/modules/delivery/repository/prisma-delivery-repository.ts
FN:1,(empty-report)
FNF:1
FNH:0
FNDA:0,(empty-report)
DA:1,0
DA:2,0
DA:11,0
DA:13,0
DA:14,0
DA:15,0
DA:16,0
DA:17,0
DA:18,0
DA:19,0
DA:20,0
DA:21,0
DA:22,0
DA:23,0
DA:24,0
DA:25,0
DA:26,0
DA:27,0
DA:28,0
DA:29,0
DA:30,0
DA:31,0
DA:32,0
DA:33,0
DA:34,0
DA:35,0
DA:36,0
DA:37,0
DA:39,0
DA:40,0
DA:41,0
DA:42,0
DA:43,0
DA:44,0
DA:45,0
DA:46,0
DA:47,0
DA:48,0
DA:49,0
DA:50,0
DA:51,0
DA:52,0
DA:53,0
DA:54,0
DA:55,0
DA:56,0
DA:57,0
DA:58,0
DA:59,0
DA:60,0
DA:61,0
DA:62,0
DA:63,0
DA:64,0
DA:65,0
DA:66,0
DA:67,0
DA:68,0
DA:69,0
DA:70,0
DA:71,0
DA:72,0
DA:73,0
DA:74,0
DA:75,0
DA:76,0
DA:78,0
DA:79,0
DA:80,0
DA:81,0
DA:82,0
DA:83,0
DA:84,0
DA:85,0
DA:86,0
DA:87,0
DA:88,0
DA:89,0
DA:91,0
DA:92,0
LF:80
LH:0
BRDA:1,0,0,0
BRF:1
BRH:0
end_of_record
TN:
SF:src/modules/delivery/usecases/assign-delivery.ts
FN:16,asNumber
FN:20,AssignDeliveryUseCase
FN:26,execute
FNF:3
FNH:3
FNDA:645,asNumber
FNDA:2,AssignDeliveryUseCase
FNDA:13,execute
DA:5,1
DA:7,1
DA:13,1
DA:14,1
DA:16,1
DA:17,645
DA:19,1
DA:20,1
DA:21,2
DA:22,2
DA:23,2
DA:24,2
DA:26,1
DA:28,13
DA:29,13
DA:30,13
DA:32,13
DA:33,13
DA:34,0
DA:35,0
DA:38,13
DA:39,13
DA:42,13
DA:43,13
DA:44,13
DA:45,13
DA:46,13
DA:50,13
DA:53,13
DA:54,13
DA:57,13
DA:58,13
DA:61,13
DA:62,13
DA:63,13
DA:64,13
DA:65,0
DA:66,0
DA:68,13
DA:69,303
DA:70,303
DA:71,303
DA:73,39
DA:74,132
DA:75,132
DA:76,39
DA:78,39
DA:79,39
DA:81,39
DA:82,39
DA:83,39
DA:86,13
DA:87,13
DA:88,13
DA:89,13
DA:90,13
DA:93,13
DA:94,52
DA:95,52
DA:96,13
DA:99,13
DA:100,13
DA:101,13
DA:102,13
DA:103,13
DA:104,13
DA:106,13
DA:107,13
DA:108,1
LF:69
LH:65
BRDA:16,0,0,645
BRDA:17,1,0,0
BRDA:17,2,0,13
BRDA:17,3,0,632
BRDA:17,4,0,0
BRDA:20,5,0,2
BRDA:26,6,0,13
BRDA:29,7,0,0
BRDA:30,8,0,0
BRDA:33,9,0,0
BRDA:39,10,0,0
BRDA:46,11,0,0
BRDA:64,12,0,0
BRDA:68,13,0,303
BRDA:70,14,0,0
BRDA:71,15,0,302
BRDA:71,16,0,264
BRDA:71,17,0,39
BRDA:79,18,0,0
BRDA:79,19,0,39
BRDA:93,20,0,52
BRDA:73,21,0,132
BRDA:88,22,0,52
BRF:23
BRH:13
end_of_record
TN:
SF:src/modules/delivery/usecases/update-delivery-status.ts
FN:24,asDate
FN:27,UpdateDeliveryStatusUseCase
FN:33,execute
FNF:3
FNH:3
FNDA:1,asDate
FNDA:2,UpdateDeliveryStatusUseCase
FNDA:2,execute
DA:24,1
DA:26,1
DA:27,1
DA:28,2
DA:29,2
DA:30,2
DA:31,2
DA:33,1
DA:34,2
DA:36,2
DA:37,2
DA:39,2
DA:41,2
DA:42,2
DA:43,1
DA:44,0
DA:45,0
DA:46,1
DA:47,1
DA:48,1
DA:50,2
DA:51,1
DA:52,1
DA:53,1
DA:54,1
DA:55,1
DA:56,1
DA:57,1
DA:58,1
DA:60,2
DA:61,0
DA:62,0
DA:63,0
DA:64,0
DA:65,0
DA:66,0
DA:67,0
DA:69,2
DA:70,0
DA:71,2
DA:73,2
DA:74,2
DA:76,2
DA:77,2
DA:78,2
DA:79,2
DA:80,2
DA:81,2
DA:82,2
DA:83,2
DA:84,2
DA:85,2
DA:86,1
LF:53
LH:43
BRDA:24,0,0,1
BRDA:27,1,0,2
BRDA:33,2,0,2
BRDA:37,3,0,0
BRDA:42,4,0,1
BRDA:43,5,0,0
BRDA:50,6,0,1
BRDA:60,7,0,0
BRDA:69,8,0,0
BRDA:74,9,0,0
BRDA:80,10,0,0
BRDA:81,11,0,1
BRDA:39,12,0,1
BRDA:82,13,0,1
BRF:14
BRH:8
end_of_record
TN:
SF:src/modules/drones/controllers/create-drone.ts
FN:1,(empty-report)
FNF:1
FNH:1
FNDA:1,(empty-report)
DA:2,0
DA:3,0
DA:4,0
DA:7,0
DA:8,0
DA:9,0
DA:10,0
DA:11,0
DA:12,0
DA:13,0
DA:14,0
DA:15,0
DA:17,0
DA:19,0
DA:20,0
DA:21,0
DA:23,0
DA:24,0
DA:25,0
DA:26,0
DA:27,0
DA:29,0
DA:30,0
DA:31,0
DA:32,0
LF:25
LH:0
BRDA:1,0,0,1
BRF:1
BRH:1
end_of_record
TN:
SF:src/modules/drones/controllers/get-drone-status.ts
FN:1,(empty-report)
FNF:1
FNH:0
FNDA:0,(empty-report)
DA:1,0
DA:3,0
DA:4,0
DA:6,0
DA:7,0
DA:8,0
DA:9,0
DA:11,0
DA:13,0
DA:14,0
DA:15,0
DA:17,0
DA:18,0
DA:19,0
DA:20,0
DA:21,0
DA:22,0
DA:23,0
DA:24,0
DA:25,0
LF:20
LH:0
BRDA:1,0,0,0
BRF:1
BRH:0
end_of_record
TN:
SF:src/modules/drones/domain/droneWatchedList.ts
FN:1,(empty-report)
FNF:1
FNH:0
FNDA:0,(empty-report)
DA:1,0
DA:2,0
DA:3,0
DA:5,0
DA:6,0
DA:7,0
DA:8,0
DA:11,0
DA:12,0
DA:13,0
DA:16,0
DA:17,0
DA:18,0
DA:21,0
DA:22,0
DA:23,0
DA:24,0
DA:25,0
DA:26,0
DA:27,0
DA:29,0
DA:30,0
DA:32,0
DA:33,0
LF:24
LH:0
BRDA:1,0,0,0
BRF:1
BRH:0
end_of_record
TN:
SF:src/modules/drones/repositories/drones-repository.ts
FN:1,(empty-report)
FNF:1
FNH:1
FNDA:1,(empty-report)
LF:0
LH:0
BRDA:1,0,0,1
BRF:1
BRH:1
end_of_record
TN:
SF:src/modules/drones/repositories/prisma-drones-repository.ts
FN:1,(empty-report)
FNF:1
FNH:0
FNDA:0,(empty-report)
DA:1,0
DA:2,0
DA:5,0
DA:6,0
DA:7,0
DA:8,0
DA:9,0
DA:10,0
DA:11,0
DA:12,0
DA:13,0
DA:14,0
DA:16,0
DA:17,0
DA:18,0
DA:19,0
DA:21,0
DA:23,0
DA:24,0
DA:25,0
DA:26,0
DA:27,0
DA:28,0
DA:29,0
DA:30,0
DA:31,0
DA:32,0
DA:33,0
DA:35,0
DA:36,0
DA:37,0
DA:38,0
DA:39,0
DA:40,0
DA:41,0
DA:42,0
DA:43,0
DA:44,0
DA:45,0
DA:46,0
DA:47,0
DA:48,0
DA:49,0
DA:50,0
DA:52,0
DA:53,0
DA:55,0
DA:56,0
DA:57,0
DA:58,0
DA:59,0
DA:61,0
DA:62,0
DA:64,0
LF:54
LH:0
BRDA:1,0,0,0
BRF:1
BRH:0
end_of_record
TN:
SF:src/modules/drones/usecases/createDrone.ts
FN:1,(empty-report)
FNF:1
FNH:1
FNDA:1,(empty-report)
DA:21,0
DA:23,0
DA:24,0
DA:26,0
DA:28,0
DA:30,0
DA:31,0
DA:32,0
DA:34,0
DA:35,0
DA:36,0
DA:38,0
DA:40,0
DA:42,0
LF:14
LH:0
BRDA:1,0,0,1
BRF:1
BRH:1
end_of_record
TN:
SF:src/modules/drones/usecases/findDroneStatus.usecase.ts
FN:1,(empty-report)
FNF:1
FNH:1
FNDA:1,(empty-report)
DA:16,0
DA:18,0
DA:19,0
DA:21,0
DA:23,0
DA:24,0
DA:25,0
DA:27,0
DA:29,0
DA:30,0
DA:31,0
DA:33,0
LF:12
LH:0
BRDA:1,0,0,1
BRF:1
BRH:1
end_of_record
TN:
SF:src/modules/orders/controllers/allocate-orders.ts
FN:1,(empty-report)
FNF:1
FNH:1
FNDA:1,(empty-report)
DA:2,0
DA:3,0
DA:4,0
DA:5,0
DA:7,0
DA:8,0
DA:9,0
DA:10,0
DA:11,0
DA:12,0
DA:14,0
DA:16,0
DA:17,0
DA:18,0
DA:19,0
DA:20,0
LF:16
LH:0
BRDA:1,0,0,1
BRF:1
BRH:1
end_of_record
TN:
SF:src/modules/orders/controllers/create-order.ts
FN:1,(empty-report)
FNF:1
FNH:1
FNDA:1,(empty-report)
DA:2,0
DA:3,0
DA:4,0
DA:5,0
DA:6,0
DA:8,0
DA:9,0
DA:10,0
DA:11,0
DA:12,0
DA:13,0
DA:14,0
DA:15,0
DA:16,0
DA:17,0
DA:18,0
DA:20,0
DA:22,0
DA:23,0
DA:24,0
DA:26,0
DA:27,0
DA:28,0
DA:30,0
DA:31,0
DA:32,0
DA:35,0
DA:36,0
LF:28
LH:0
BRDA:1,0,0,1
BRF:1
BRH:1
end_of_record
TN:
SF:src/modules/orders/repositories/ordersRepository.ts
FN:1,(empty-report)
FNF:1
FNH:1
FNDA:1,(empty-report)
LF:0
LH:0
BRDA:1,0,0,1
BRF:1
BRH:1
end_of_record
TN:
SF:src/modules/orders/repositories/prisma-orders-repository.ts
FN:1,(empty-report)
FNF:1
FNH:0
FNDA:0,(empty-report)
DA:1,0
DA:2,0
DA:6,0
DA:7,0
DA:8,0
DA:9,0
DA:10,0
DA:11,0
DA:12,0
DA:13,0
DA:14,0
DA:15,0
DA:16,0
DA:17,0
DA:18,0
DA:19,0
DA:21,0
DA:22,0
DA:23,0
DA:24,0
DA:25,0
DA:26,0
DA:27,0
DA:28,0
DA:29,0
DA:30,0
DA:31,0
DA:32,0
DA:33,0
DA:34,0
DA:35,0
DA:37,0
DA:38,0
DA:39,0
DA:40,0
DA:41,0
DA:42,0
DA:43,0
DA:44,0
DA:45,0
DA:46,0
DA:47,0
DA:48,0
DA:49,0
DA:50,0
DA:51,0
DA:52,0
DA:53,0
DA:54,0
DA:56,0
DA:58,0
DA:59,0
DA:60,0
DA:61,0
DA:62,0
DA:63,0
DA:64,0
DA:66,0
DA:67,0
DA:68,0
DA:69,0
DA:70,0
DA:71,0
DA:72,0
LF:64
LH:0
BRDA:1,0,0,0
BRF:1
BRH:0
end_of_record
TN:
SF:src/modules/orders/usecases/allocateOrdersUseCase.ts
FN:1,(empty-report)
FNF:1
FNH:1
FNDA:1,(empty-report)
DA:5,0
DA:6,0
DA:8,0
DA:9,0
DA:11,0
DA:12,0
DA:20,0
DA:21,0
DA:22,0
DA:23,0
DA:24,0
DA:25,0
DA:27,0
DA:28,0
DA:29,0
DA:30,0
DA:31,0
DA:33,0
DA:34,0
DA:35,0
DA:36,0
DA:38,0
DA:39,0
DA:40,0
DA:43,0
DA:45,0
DA:46,0
DA:48,0
DA:49,0
DA:50,0
DA:51,0
DA:52,0
DA:55,0
DA:56,0
DA:58,0
DA:59,0
DA:61,0
DA:62,0
DA:63,0
DA:64,0
DA:66,0
DA:67,0
DA:68,0
DA:69,0
DA:71,0
DA:72,0
DA:74,0
DA:75,0
DA:76,0
DA:78,0
DA:81,0
DA:82,0
DA:83,0
DA:84,0
DA:85,0
DA:88,0
DA:89,0
DA:90,0
DA:93,0
DA:95,0
DA:96,0
DA:99,0
DA:100,0
DA:103,0
DA:105,0
DA:106,0
DA:107,0
LF:67
LH:0
BRDA:1,0,0,1
BRF:1
BRH:1
end_of_record
TN:
SF:src/modules/orders/usecases/create.ts
FN:1,(empty-report)
FNF:1
FNH:0
FNDA:0,(empty-report)
DA:1,0
DA:3,0
DA:12,0
DA:14,0
DA:15,0
DA:17,0
DA:19,0
DA:20,0
DA:21,0
DA:22,0
DA:23,0
DA:24,0
DA:26,0
DA:27,0
DA:28,0
DA:30,0
DA:31,0
DA:32,0
DA:33,0
DA:34,0
DA:35,0
DA:36,0
LF:22
LH:0
BRDA:1,0,0,0
BRF:1
BRH:0
end_of_record
TN:
SF:src/modules/simulation/advance-simulation.ts
FN:1,(empty-report)
FNF:1
FNH:0
FNDA:0,(empty-report)
DA:1,0
DA:2,0
DA:4,0
DA:5,0
DA:6,0
DA:7,0
DA:8,0
DA:9,0
DA:10,0
DA:12,0
DA:13,0
DA:14,0
DA:16,0
DA:17,0
DA:18,0
DA:20,0
DA:21,0
DA:22,0
DA:24,0
DA:25,0
DA:26,0
DA:27,0
DA:28,0
DA:29,0
DA:30,0
DA:31,0
LF:26
LH:0
BRDA:1,0,0,0
BRF:1
BRH:0
end_of_record
TN:
SF:src/modules/simulation/finish-simulation.ts
FN:1,(empty-report)
FNF:1
FNH:0
FNDA:0,(empty-report)
DA:1,0
DA:3,0
DA:4,0
DA:6,0
DA:7,0
DA:8,0
LF:6
LH:0
BRDA:1,0,0,0
BRF:1
BRH:0
end_of_record
TN:
SF:src/modules/simulation/start-simulation.ts
FN:1,(empty-report)
FNF:1
FNH:0
FNDA:0,(empty-report)
DA:1,0
DA:2,0
DA:8,0
DA:9,0
DA:10,0
DA:11,0
DA:12,0
DA:13,0
DA:14,0
LF:9
LH:0
BRDA:1,0,0,0
BRF:1
BRH:0
end_of_record
TN:
SF:src/modules/simulation/controllers/advance-simulation.ts
FN:1,(empty-report)
FNF:1
FNH:1
FNDA:1,(empty-report)
DA:2,0
DA:3,0
DA:4,0
DA:5,0
DA:7,0
DA:8,0
DA:9,0
DA:10,0
DA:11,0
DA:13,0
DA:14,0
DA:15,0
DA:16,0
DA:17,0
DA:19,0
DA:20,0
DA:21,0
DA:22,0
DA:23,0
DA:24,0
LF:20
LH:0
BRDA:1,0,0,1
BRF:1
BRH:1
end_of_record
TN:
SF:src/modules/simulation/controllers/finish-simulation.ts
FN:1,(empty-report)
FNF:1
FNH:1
FNDA:1,(empty-report)
DA:2,0
DA:4,0
DA:5,0
DA:6,0
DA:8,0
DA:9,0
DA:10,0
DA:11,0
DA:12,0
DA:14,0
DA:15,0
DA:16,0
DA:17,0
DA:18,0
DA:20,0
DA:21,0
DA:22,0
DA:23,0
DA:24,0
DA:25,0
LF:20
LH:0
BRDA:1,0,0,1
BRF:1
BRH:1
end_of_record
TN:
SF:src/modules/simulation/controllers/report-simulation.ts
FN:1,(empty-report)
FNF:1
FNH:1
FNDA:1,(empty-report)
DA:2,0
DA:4,0
DA:5,0
DA:6,0
DA:8,0
DA:9,0
DA:10,0
DA:11,0
DA:12,0
DA:14,0
DA:15,0
DA:16,0
DA:17,0
DA:18,0
DA:20,0
DA:21,0
DA:22,0
DA:23,0
DA:24,0
DA:25,0
LF:20
LH:0
BRDA:1,0,0,1
BRF:1
BRH:1
end_of_record
TN:
SF:src/modules/simulation/controllers/start-simulation-controller.ts
FN:1,(empty-report)
FNF:1
FNH:1
FNDA:1,(empty-report)
DA:2,0
DA:4,0
DA:5,0
DA:7,0
DA:8,0
DA:9,0
DA:10,0
DA:12,0
DA:13,0
DA:14,0
DA:15,0
DA:17,0
DA:18,0
DA:19,0
DA:20,0
DA:21,0
DA:22,0
LF:17
LH:0
BRDA:1,0,0,1
BRF:1
BRH:1
end_of_record
TN:
SF:src/modules/simulation/domain/simulation-state.ts
FN:1,(empty-report)
FNF:1
FNH:0
FNDA:0,(empty-report)
DA:1,0
DA:2,0
DA:3,0
DA:4,0
DA:5,0
DA:6,0
LF:6
LH:0
BRDA:1,0,0,0
BRF:1
BRH:0
end_of_record
TN:
SF:src/modules/simulation/domain/simulation.ts
FN:1,(empty-report)
FNF:1
FNH:0
FNDA:0,(empty-report)
DA:1,0
DA:4,0
DA:5,0
DA:6,0
DA:7,0
DA:8,0
DA:9,0
DA:12,0
DA:13,0
DA:14,0
DA:15,0
LF:11
LH:0
BRDA:1,0,0,0
BRF:1
BRH:0
end_of_record
TN:
SF:src/modules/simulation/usecases/advance-simulation-usecase.ts
FN:1,(empty-report)
FNF:1
FNH:1
FNDA:1,(empty-report)
DA:17,0
DA:18,0
DA:19,0
DA:20,0
DA:21,0
DA:22,0
DA:24,0
DA:25,0
DA:26,0
DA:27,0
DA:28,0
DA:29,0
DA:30,0
DA:31,0
DA:32,0
DA:33,0
DA:35,0
DA:37,0
DA:38,0
DA:39,0
DA:41,0
DA:42,0
DA:43,0
DA:44,0
DA:46,0
DA:48,0
DA:49,0
DA:50,0
DA:51,0
DA:53,0
DA:55,0
DA:56,0
DA:57,0
DA:58,0
DA:60,0
DA:62,0
DA:63,0
DA:64,0
DA:65,0
DA:67,0
DA:69,0
DA:70,0
DA:71,0
DA:72,0
DA:74,0
DA:75,0
DA:76,0
LF:47
LH:0
BRDA:1,0,0,1
BRF:1
BRH:1
end_of_record
TN:
SF:src/modules/simulation/usecases/finish-simulation-usecase.ts
FN:1,(empty-report)
FNF:1
FNH:1
FNDA:1,(empty-report)
DA:10,0
DA:11,0
DA:12,0
DA:13,0
DA:14,0
DA:15,0
DA:17,0
DA:18,0
DA:19,0
DA:20,0
DA:22,0
DA:23,0
DA:24,0
DA:26,0
DA:27,0
DA:28,0
DA:29,0
DA:30,0
DA:31,0
DA:32,0
DA:33,0
DA:34,0
DA:35,0
DA:36,0
DA:37,0
DA:39,0
DA:40,0
DA:41,0
DA:42,0
DA:43,0
DA:45,0
DA:46,0
DA:47,0
LF:33
LH:0
BRDA:1,0,0,1
BRF:1
BRH:1
end_of_record
TN:
SF:src/modules/simulation/usecases/generete-report-usecase.ts
FN:1,(empty-report)
FNF:1
FNH:1
FNDA:1,(empty-report)
DA:12,0
DA:13,0
DA:14,0
DA:15,0
DA:16,0
DA:17,0
DA:19,0
DA:21,0
DA:22,0
DA:25,0
DA:26,0
DA:27,0
DA:28,0
DA:29,0
DA:30,0
DA:31,0
DA:32,0
DA:33,0
DA:34,0
DA:37,0
DA:38,0
DA:39,0
DA:40,0
DA:41,0
DA:42,0
DA:43,0
DA:44,0
DA:45,0
DA:47,0
DA:48,0
DA:49,0
LF:31
LH:0
BRDA:1,0,0,1
BRF:1
BRH:1
end_of_record
TN:
SF:src/modules/simulation/usecases/start-simulation-usecase.ts
FN:1,(empty-report)
FNF:1
FNH:1
FNDA:1,(empty-report)
LF:0
LH:0
BRDA:1,0,0,1
BRF:1
BRH:1
end_of_record
TN:
SF:src/tests/decimal-like.ts
FN:3,decimal
FN:4,toNumber
FN:8,asNumber
FNF:3
FNH:2
FNDA:10,decimal
FNDA:26,toNumber
FNDA:0,asNumber
DA:3,1
DA:4,10
DA:5,10
DA:8,1
DA:9,0
DA:10,0
DA:11,0
DA:12,0
DA:13,0
DA:14,0
LF:10
LH:4
BRDA:3,0,0,10
BRDA:4,1,0,26
BRF:2
BRH:2
end_of_record
TN:
SF:src/tests/in-memory-repository/in-memory-delivery-repository.ts
FN:12,InMemoryDeliveryRepository
FN:18,create
FN:38,findByIdWithOrders
FN:51,findOpenByDroneId
FN:66,setStartedAt
FN:71,setFinishedAt
FN:76,clearFinishedAt
FN:82,findAllFinished
FNF:8
FNH:4
FNDA:4,InMemoryDeliveryRepository
FNDA:15,create
FNDA:4,findByIdWithOrders
FNDA:0,findOpenByDroneId
FNDA:0,setStartedAt
FNDA:1,setFinishedAt
FNDA:0,clearFinishedAt
FNDA:0,findAllFinished
DA:12,1
DA:13,4
DA:14,4
DA:15,4
DA:16,4
DA:18,1
DA:19,15
DA:20,15
DA:21,15
DA:22,15
DA:23,15
DA:24,15
DA:25,15
DA:26,15
DA:29,15
DA:30,15
DA:31,15
DA:32,15
DA:33,15
DA:34,15
DA:35,15
DA:36,15
DA:38,1
DA:39,4
DA:40,4
DA:41,4
DA:42,4
DA:43,4
DA:44,4
DA:45,4
DA:46,4
DA:47,4
DA:48,0
DA:49,4
DA:51,1
DA:52,0
DA:53,0
DA:54,0
DA:55,0
DA:56,0
DA:57,0
DA:58,0
DA:59,0
DA:60,0
DA:61,0
DA:62,0
DA:63,0
DA:64,0
DA:66,1
DA:67,0
DA:68,0
DA:69,0
DA:71,1
DA:72,1
DA:73,1
DA:74,1
DA:76,1
DA:77,0
DA:78,0
DA:79,0
DA:82,1
DA:83,0
DA:84,0
DA:85,0
DA:86,0
DA:87,0
DA:88,0
DA:89,0
DA:90,0
DA:91,0
DA:92,1
LF:71
LH:42
BRDA:12,0,0,4
BRDA:18,1,0,15
BRDA:23,2,0,0
BRDA:22,3,0,53
BRDA:34,4,0,53
BRDA:38,5,0,4
BRDA:47,6,0,0
BRDA:39,7,0,4
BRDA:46,8,0,2
BRDA:71,9,0,1
BRDA:72,10,0,1
BRF:11
BRH:9
end_of_record
TN:
SF:src/tests/in-memory-repository/in-memory-drones-repository.ts
FN:14,InMemoryDronesRepository
FN:18,findStatus
FN:21,findClosestAvaible
FN:26,pushRaw
FN:44,findFirstAvailable
FN:58,listAll
FN:69,updateStatus
FNF:7
FNH:5
FNDA:4,InMemoryDronesRepository
FNDA:0,findStatus
FNDA:0,findClosestAvaible
FNDA:5,pushRaw
FNDA:13,findFirstAvailable
FNDA:2,listAll
FNDA:27,updateStatus
DA:3,1
DA:14,1
DA:15,4
DA:16,4
DA:17,4
DA:18,4
DA:19,0
DA:20,0
DA:21,4
DA:22,0
DA:23,0
DA:24,4
DA:26,1
DA:33,5
DA:34,5
DA:35,5
DA:36,5
DA:37,5
DA:38,5
DA:39,5
DA:40,5
DA:41,5
DA:42,5
DA:44,1
DA:45,13
DA:46,13
DA:47,13
DA:48,13
DA:49,13
DA:50,13
DA:51,13
DA:52,13
DA:53,13
DA:54,13
DA:55,0
DA:56,13
DA:58,1
DA:59,2
DA:60,2
DA:61,2
DA:62,2
DA:63,2
DA:64,2
DA:65,2
DA:66,2
DA:67,2
DA:69,1
DA:70,27
DA:71,27
DA:72,27
DA:73,1
LF:51
LH:46
BRDA:14,0,0,4
BRDA:26,1,0,5
BRDA:38,2,0,0
BRDA:39,3,0,2
BRDA:40,4,0,2
BRDA:44,5,0,13
BRDA:54,6,0,0
BRDA:45,7,0,13
BRDA:58,8,0,2
BRDA:59,9,0,2
BRDA:69,10,0,27
BRDA:70,11,0,27
BRF:12
BRH:10
end_of_record
TN:
SF:src/tests/in-memory-repository/in-memory-orders-repository.ts
FN:6,decimal
FN:6,toNumber
FN:19,InMemoryOrdersRepository
FN:23,findMany
FN:26,findFirstAvailable
FN:32,pushRaw
FN:54,findById
FN:70,findManyPending
FN:85,updateStatus
FNF:9
FNH:7
FNDA:162,decimal
FNDA:2744,toNumber
FNDA:4,InMemoryOrdersRepository
FNDA:0,findMany
FNDA:0,findFirstAvailable
FNDA:54,pushRaw
FNDA:67,findById
FNDA:14,findManyPending
FNDA:53,updateStatus
DA:6,1
DA:19,1
DA:20,4
DA:21,4
DA:22,4
DA:23,4
DA:24,0
DA:25,0
DA:26,4
DA:27,0
DA:28,0
DA:29,4
DA:32,1
DA:41,54
DA:42,54
DA:43,54
DA:44,54
DA:45,54
DA:46,54
DA:47,54
DA:48,54
DA:49,54
DA:50,54
DA:51,54
DA:52,54
DA:54,1
DA:55,67
DA:56,67
DA:57,67
DA:58,67
DA:59,67
DA:60,67
DA:61,67
DA:62,67
DA:63,67
DA:64,67
DA:65,67
DA:66,67
DA:67,0
DA:68,67
DA:70,1
DA:71,14
DA:72,14
DA:73,14
DA:74,303
DA:75,303
DA:76,303
DA:77,303
DA:78,303
DA:79,303
DA:80,303
DA:81,303
DA:82,14
DA:83,14
DA:85,1
DA:86,53
DA:87,53
DA:88,53
DA:89,1
LF:59
LH:54
BRDA:6,0,0,162
BRDA:6,1,0,2744
BRDA:19,2,0,4
BRDA:32,3,0,54
BRDA:54,4,0,67
BRDA:66,5,0,0
BRDA:55,6,0,1433
BRDA:70,7,0,14
BRDA:72,8,0,653
BRDA:72,9,0,316
BRDA:73,10,0,303
BRDA:85,11,0,53
BRDA:86,12,0,1279
BRF:13
BRH:12
end_of_record
TN:
SF:src/tests/types/types.ts
FN:1,(empty-report)
FNF:1
FNH:1
FNDA:1,(empty-report)
LF:0
LH:0
BRDA:1,0,0,1
BRF:1
BRH:1
end_of_record
